<?xml version="1.0" encoding="UTF-8"?>
<!-- Generated by org.testng.reporters.JUnitReportReporter -->
<testsuite hostname="Dika" name="kasir.mainClass" tests="14" failures="0" timestamp="12 Jun 2019 10:43:41 GMT" time="439.633" errors="1">
  <testcase name="cekMenuDataKategori_CURD" time="22.342" classname="kasir.mainClass"/>
  <testcase name="cekFormDataKategori" time="19.022" classname="kasir.mainClass"/>
  <testcase name="cekTransaksiPembelian" time="61.628" classname="kasir.mainClass">
    <error type="org.openqa.selenium.NoSuchElementException" message="Cannot locate element with text: [ B0001 ] Cannon AES | Rp. 4.000.000
For documentation on this error, please visit: http://seleniumhq.org/exceptions/no_such_element.html
Build info: version: &#039;2.53.0&#039;, revision: &#039;35ae25b&#039;, time: &#039;2016-03-15 16:57:40&#039;
System info: host: &#039;Dika&#039;, ip: &#039;169.254.219.208&#039;, os.name: &#039;Windows 8.1&#039;, os.arch: &#039;amd64&#039;, os.version: &#039;6.3&#039;, java.version: &#039;1.8.0_201&#039;
Driver info: driver.version: unknown">
      <![CDATA[org.openqa.selenium.NoSuchElementException: Cannot locate element with text: [ B0001 ] Cannon AES | Rp. 4.000.000
For documentation on this error, please visit: http://seleniumhq.org/exceptions/no_such_element.html
Build info: version: '2.53.0', revision: '35ae25b', time: '2016-03-15 16:57:40'
System info: host: 'Dika', ip: '169.254.219.208', os.name: 'Windows 8.1', os.arch: 'amd64', os.version: '6.3', java.version: '1.8.0_201'
Driver info: driver.version: unknown
	at org.openqa.selenium.support.ui.Select.selectByVisibleText(Select.java:150)
	at kasir.transaksiPembelianBarang.transaksipembelian(transaksiPembelianBarang.java:35)
	at kasir.mainClass.cekTransaksiPembelian(mainClass.java:103)
	at sun.reflect.NativeMethodAccessorImpl.invoke0(Native Method)
	at sun.reflect.NativeMethodAccessorImpl.invoke(Unknown Source)
	at sun.reflect.DelegatingMethodAccessorImpl.invoke(Unknown Source)
	at java.lang.reflect.Method.invoke(Unknown Source)
	at org.testng.internal.MethodInvocationHelper.invokeMethod(MethodInvocationHelper.java:85)
	at org.testng.internal.Invoker.invokeMethod(Invoker.java:639)
	at org.testng.internal.Invoker.invokeTestMethod(Invoker.java:816)
	at org.testng.internal.Invoker.invokeTestMethods(Invoker.java:1124)
	at org.testng.internal.TestMethodWorker.invokeTestMethods(TestMethodWorker.java:125)
	at org.testng.internal.TestMethodWorker.run(TestMethodWorker.java:108)
	at org.testng.TestRunner.privateRun(TestRunner.java:774)
	at org.testng.TestRunner.run(TestRunner.java:624)
	at org.testng.SuiteRunner.runTest(SuiteRunner.java:359)
	at org.testng.SuiteRunner.runSequentially(SuiteRunner.java:354)
	at org.testng.SuiteRunner.privateRun(SuiteRunner.java:312)
	at org.testng.SuiteRunner.run(SuiteRunner.java:261)
	at org.testng.SuiteRunnerWorker.runSuite(SuiteRunnerWorker.java:52)
	at org.testng.SuiteRunnerWorker.run(SuiteRunnerWorker.java:86)
	at org.testng.TestNG.runSuitesSequentially(TestNG.java:1215)
	at org.testng.TestNG.runSuitesLocally(TestNG.java:1140)
	at org.testng.TestNG.run(TestNG.java:1048)
	at org.testng.remote.AbstractRemoteTestNG.run(AbstractRemoteTestNG.java:115)
	at org.testng.remote.RemoteTestNG.initAndRun(RemoteTestNG.java:251)
	at org.testng.remote.RemoteTestNG.main(RemoteTestNG.java:77)
]]>
    </error>
  </testcase> <!-- cekTransaksiPembelian -->
  <testcase name="cekLoginFailed" time="17.051" classname="kasir.mainClass"/>
  <testcase name="cekMenuDataKasir_CURD" time="39.097" classname="kasir.mainClass"/>
  <testcase name="cekFormLogin" time="24.567" classname="kasir.mainClass"/>
  <testcase name="cekMenuDataSuplayer_CURD" time="23.704" classname="kasir.mainClass"/>
  <testcase name="cekFormDataKasir" time="45.640" classname="kasir.mainClass"/>
  <testcase name="cekLogout" time="21.382" classname="kasir.mainClass"/>
  <testcase name="cekMenuDataBarang_CURD" time="25.809" classname="kasir.mainClass"/>
  <testcase name="cekLoginTrue" time="20.872" classname="kasir.mainClass"/>
  <testcase name="cekFormDataSuplayer" time="26.670" classname="kasir.mainClass"/>
  <testcase name="cekFormDataBarang" time="74.860" classname="kasir.mainClass"/>
  <testcase name="Title" time="16.989" classname="kasir.mainClass"/>
</testsuite> <!-- kasir.mainClass -->
